<?xml version="1.0" encoding="UTF-8"?>
<testng-results skipped="0" failed="0" total="7" passed="7">
  <reporter-output>
  </reporter-output>
  <suite name="UnitTests" duration-ms="15049" started-at="2018-01-24T07:20:02Z" finished-at="2018-01-24T07:20:17Z">
    <groups>
    </groups>
    <test name="FrameworkUnitTest" duration-ms="15049" started-at="2018-01-24T07:20:02Z" finished-at="2018-01-24T07:20:17Z">
      <class name="unitTest.BrowserFactoryTest">
        <test-method status="PASS" signature="testFirefox()[pri:0, instance:unitTest.BrowserFactoryTest@7823a2f9]" name="testFirefox" duration-ms="6513" started-at="2018-01-24T12:50:02Z" finished-at="2018-01-24T12:50:08Z">
          <reporter-output>
          </reporter-output>
        </test-method> <!-- testFirefox -->
        <test-method status="PASS" signature="testIE()[pri:0, instance:unitTest.BrowserFactoryTest@7823a2f9]" name="testIE" duration-ms="2935" started-at="2018-01-24T12:50:08Z" finished-at="2018-01-24T12:50:11Z">
          <reporter-output>
          </reporter-output>
        </test-method> <!-- testIE -->
        <test-method status="PASS" signature="testchrome()[pri:0, instance:unitTest.BrowserFactoryTest@7823a2f9]" name="testchrome" duration-ms="5061" started-at="2018-01-24T12:50:11Z" finished-at="2018-01-24T12:50:16Z">
          <reporter-output>
          </reporter-output>
        </test-method> <!-- testchrome -->
      </class> <!-- unitTest.BrowserFactoryTest -->
      <class name="unitTest.DataProviderFactoryTest">
        <test-method status="PASS" signature="testgetExcelObject()[pri:0, instance:unitTest.DataProviderFactoryTest@39aeed2f]" name="testgetExcelObject" duration-ms="53" started-at="2018-01-24T12:50:17Z" finished-at="2018-01-24T12:50:17Z">
          <reporter-output>
          </reporter-output>
        </test-method> <!-- testgetExcelObject -->
        <test-method status="PASS" signature="testgetConfigObject()[pri:0, instance:unitTest.DataProviderFactoryTest@39aeed2f]" name="testgetConfigObject" duration-ms="0" started-at="2018-01-24T12:50:17Z" finished-at="2018-01-24T12:50:17Z">
          <reporter-output>
          </reporter-output>
        </test-method> <!-- testgetConfigObject -->
      </class> <!-- unitTest.DataProviderFactoryTest -->
      <class name="unitTest.DataProviderTest">
        <test-method status="PASS" signature="testConfigDataProvider()[pri:0, instance:unitTest.DataProviderTest@5c7fa833]" name="testConfigDataProvider" duration-ms="14" started-at="2018-01-24T12:50:16Z" finished-at="2018-01-24T12:50:16Z">
          <reporter-output>
          </reporter-output>
        </test-method> <!-- testConfigDataProvider -->
        <test-method status="PASS" signature="testExcelDataProvider()[pri:0, instance:unitTest.DataProviderTest@5c7fa833]" name="testExcelDataProvider" duration-ms="455" started-at="2018-01-24T12:50:16Z" finished-at="2018-01-24T12:50:17Z">
          <reporter-output>
          </reporter-output>
        </test-method> <!-- testExcelDataProvider -->
      </class> <!-- unitTest.DataProviderTest -->
    </test> <!-- FrameworkUnitTest -->
  </suite> <!-- UnitTests -->
</testng-results>
