<?xml version="1.0" encoding="UTF-8"?>
<!-- Generated by org.testng.reporters.JUnitXMLReporter -->
<testsuite hostname="CTL-16" name="FrameworkUnitTest" tests="7" failures="0" timestamp="24 Jan 2018 07:20:17 GMT" time="15.049" errors="0">
  <testcase name="testFirefox" time="6.513" classname="unitTest.BrowserFactoryTest"/>
  <testcase name="testIE" time="2.935" classname="unitTest.BrowserFactoryTest"/>
  <testcase name="testchrome" time="5.061" classname="unitTest.BrowserFactoryTest"/>
  <testcase name="testConfigDataProvider" time="0.014" classname="unitTest.DataProviderTest"/>
  <testcase name="testExcelDataProvider" time="0.455" classname="unitTest.DataProviderTest"/>
  <testcase name="testgetConfigObject" time="0.0" classname="unitTest.DataProviderFactoryTest"/>
  <testcase name="testgetExcelObject" time="0.053" classname="unitTest.DataProviderFactoryTest"/>
</testsuite> <!-- FrameworkUnitTest -->
